info: ::1 - - [27/Jan/2023:02:45:56 +0000] "POST /api/v1/cart/6215895605253301a4fda5d4 HTTP/1.1" 200 656 "-" "PostmanRuntime/7.30.0"

info: ::1 - - [27/Jan/2023:04:13:23 +0000] "POST /api/v1/cart/63d0d0454a46ce48809c129f HTTP/1.1" 500 81 "-" "PostmanRuntime/7.30.0"

info: ::1 - - [27/Jan/2023:04:14:11 +0000] "POST /api/v1/cart/63d0d0454a46ce48809c129f HTTP/1.1" 500 81 "-" "PostmanRuntime/7.30.0"

info: ::1 - - [27/Jan/2023:04:14:42 +0000] "GET /api/v1/books/allbook HTTP/1.1" 404 47 "-" "PostmanRuntime/7.30.0"

info: ::1 - - [27/Jan/2023:04:15:16 +0000] "GET /api/v1/book/allbook HTTP/1.1" 200 9282 "-" "PostmanRuntime/7.30.0"

info: ::1 - - [27/Jan/2023:04:16:13 +0000] "POST /api/v1/cart/6215178d05253301a4fda5c4 HTTP/1.1" 200 841 "-" "PostmanRuntime/7.30.0"

info: ::1 - - [27/Jan/2023:04:16:29 +0000] "POST /api/v1/cart/6215178d05253301a4fda5c4 HTTP/1.1" 200 841 "-" "PostmanRuntime/7.30.0"

info: ::1 - - [27/Jan/2023:04:19:43 +0000] "POST /api/v1/cart/6215178d05253301a4fda5c4 HTTP/1.1" 200 841 "-" "PostmanRuntime/7.30.0"

info: ::1 - - [27/Jan/2023:04:23:35 +0000] "POST /api/v1/cart/6215178d05253301a4fda5c4 HTTP/1.1" 200 841 "-" "PostmanRuntime/7.30.0"

info: ::1 - - [27/Jan/2023:04:24:13 +0000] "POST /api/v1/cart/6215178d05253301a4fda5c4 HTTP/1.1" 200 841 "-" "PostmanRuntime/7.30.0"

info: ::1 - - [27/Jan/2023:04:24:48 +0000] "POST /api/v1/cart/6215178d05253301a4fda5c4 HTTP/1.1" 200 841 "-" "PostmanRuntime/7.30.0"

info: ::1 - - [27/Jan/2023:04:25:42 +0000] "POST /api/v1/cart/6215178d05253301a4fda5c4 HTTP/1.1" 200 841 "-" "PostmanRuntime/7.30.0"

info: ::1 - - [27/Jan/2023:04:31:44 +0000] "POST /api/v1/cart/6215178d05253301a4fda5c4 HTTP/1.1" 200 841 "-" "PostmanRuntime/7.30.0"

info: ::1 - - [27/Jan/2023:04:32:36 +0000] "POST /api/v1/cart/6215178d05253301a4fda5c4 HTTP/1.1" 500 62 "-" "PostmanRuntime/7.30.0"

info: ::1 - - [27/Jan/2023:04:34:07 +0000] "POST /api/v1/cart/6215178d05253301a4fda5c4 HTTP/1.1" 500 75 "-" "PostmanRuntime/7.30.0"

info: ::1 - - [27/Jan/2023:04:37:54 +0000] "POST /api/v1/cart/6215178d05253301a4fda5c4 HTTP/1.1" 500 75 "-" "PostmanRuntime/7.30.0"

info: ::1 - - [27/Jan/2023:04:40:42 +0000] "POST /api/v1/cart/6215178d05253301a4fda5c4 HTTP/1.1" 500 62 "-" "PostmanRuntime/7.30.0"

info: ::1 - - [27/Jan/2023:04:42:00 +0000] "POST /api/v1/cart/6215178d05253301a4fda5c4 HTTP/1.1" 200 841 "-" "PostmanRuntime/7.30.0"

info: ::1 - - [27/Jan/2023:04:43:30 +0000] "POST /api/v1/cart/6215178d05253301a4fda5c4 HTTP/1.1" 200 841 "-" "PostmanRuntime/7.30.0"

info: ::1 - - [27/Jan/2023:04:46:06 +0000] "POST /api/v1/cart/6215178d05253301a4fda5c4 HTTP/1.1" 500 90 "-" "PostmanRuntime/7.30.0"

info: ::1 - - [27/Jan/2023:04:46:39 +0000] "POST /api/v1/cart/6215178d05253301a4fda5c4 HTTP/1.1" 200 841 "-" "PostmanRuntime/7.30.0"

info: ::1 - - [27/Jan/2023:04:47:57 +0000] "POST /api/v1/cart/6215178d05253301a4fda5c4 HTTP/1.1" 500 87 "-" "PostmanRuntime/7.30.0"

info: ::1 - - [27/Jan/2023:04:49:00 +0000] "POST /api/v1/users/signin HTTP/1.1" 200 278 "-" "PostmanRuntime/7.30.0"

info: ::1 - - [27/Jan/2023:04:49:17 +0000] "POST /api/v1/users/signin HTTP/1.1" 200 278 "-" "PostmanRuntime/7.30.0"

info: ::1 - - [27/Jan/2023:04:49:44 +0000] "POST /api/v1/book/allbook HTTP/1.1" 404 47 "-" "PostmanRuntime/7.30.0"

info: ::1 - - [27/Jan/2023:04:49:50 +0000] "GET /api/v1/book/allbook HTTP/1.1" 200 9282 "-" "PostmanRuntime/7.30.0"

info: ::1 - - [27/Jan/2023:04:50:15 +0000] "GET /api/v1/cart/621589cd05253301a4fda5d9 HTTP/1.1" 404 47 "-" "PostmanRuntime/7.30.0"

info: ::1 - - [27/Jan/2023:04:50:21 +0000] "POST /api/v1/cart/621589cd05253301a4fda5d9 HTTP/1.1" 500 87 "-" "PostmanRuntime/7.30.0"

info: ::1 - - [27/Jan/2023:04:51:11 +0000] "POST /api/v1/cart/621589cd05253301a4fda5d9 HTTP/1.1" 200 820 "-" "PostmanRuntime/7.30.0"

info: ::1 - - [27/Jan/2023:04:51:23 +0000] "POST /api/v1/cart/621589cd05253301a4fda5d9 HTTP/1.1" 200 820 "-" "PostmanRuntime/7.30.0"

info: ::1 - - [27/Jan/2023:05:20:19 +0000] "POST /api/v1/cart/621589cd05253301a4fda5d9 HTTP/1.1" 500 78 "-" "PostmanRuntime/7.30.0"

info: ::1 - - [27/Jan/2023:05:22:13 +0000] "POST /api/v1/cart/621589cd05253301a4fda5d9 HTTP/1.1" 200 820 "-" "PostmanRuntime/7.30.0"

info: ::1 - - [27/Jan/2023:05:22:18 +0000] "POST /api/v1/cart/621589cd05253301a4fda5d9 HTTP/1.1" 200 820 "-" "PostmanRuntime/7.30.0"

info: ::1 - - [27/Jan/2023:05:22:30 +0000] "POST /api/v1/cart/621589cd05253301a4fda5d9 HTTP/1.1" 200 820 "-" "PostmanRuntime/7.30.0"

info: ::1 - - [27/Jan/2023:05:22:49 +0000] "POST /api/v1/cart/6215888305253301a4fda5cd HTTP/1.1" 200 820 "-" "PostmanRuntime/7.30.0"

info: ::1 - - [27/Jan/2023:05:29:49 +0000] "POST /api/v1/cart/remove/6215888305253301a4fda5cd HTTP/1.1" 200 824 "-" "PostmanRuntime/7.30.0"

info: ::1 - - [27/Jan/2023:05:30:12 +0000] "POST /api/v1/cart/remove/621589cd05253301a4fda5d9 HTTP/1.1" 200 824 "-" "PostmanRuntime/7.30.0"

info: ::1 - - [27/Jan/2023:05:30:18 +0000] "POST /api/v1/cart/remove/621589cd05253301a4fda5d9 HTTP/1.1" 200 824 "-" "PostmanRuntime/7.30.0"

info: ::1 - - [27/Jan/2023:05:30:24 +0000] "POST /api/v1/cart/remove/621589cd05253301a4fda5d9 HTTP/1.1" 200 660 "-" "PostmanRuntime/7.30.0"

info: ::1 - - [27/Jan/2023:05:30:31 +0000] "POST /api/v1/cart/remove/621589cd05253301a4fda5d9 HTTP/1.1" 500 57 "-" "PostmanRuntime/7.30.0"

