info: ::1 - - [24/Jan/2023:14:57:01 +0000] "POST /api/v1/ HTTP/1.1" 404 47 "-" "PostmanRuntime/7.30.0"

info: ::1 - - [24/Jan/2023:14:58:35 +0000] "POST /api/v1/signin HTTP/1.1" 404 47 "-" "PostmanRuntime/7.30.0"

info: ::1 - - [24/Jan/2023:14:59:48 +0000] "POST /api/v1/users/signup HTTP/1.1" 500 89 "-" "PostmanRuntime/7.30.0"

info: ::1 - - [24/Jan/2023:15:00:27 +0000] "POST /api/v1/users/signup HTTP/1.1" 201 326 "-" "PostmanRuntime/7.30.0"

info: ::1 - - [24/Jan/2023:15:01:25 +0000] "POST /api/v1/users/signin HTTP/1.1" 500 71 "-" "PostmanRuntime/7.30.0"

info: ::1 - - [24/Jan/2023:15:06:47 +0000] "POST /api/v1/users/signin HTTP/1.1" 500 71 "-" "PostmanRuntime/7.30.0"

info: ::1 - - [24/Jan/2023:15:06:50 +0000] "POST /api/v1/users/signin HTTP/1.1" 500 71 "-" "PostmanRuntime/7.30.0"

info: ::1 - - [24/Jan/2023:15:07:34 +0000] "POST /api/v1/users/signin HTTP/1.1" 200 278 "-" "PostmanRuntime/7.30.0"

info: ::1 - - [24/Jan/2023:15:12:06 +0000] "POST /api/v1/users/signin HTTP/1.1" 200 278 "-" "PostmanRuntime/7.30.0"

info: ::1 - - [24/Jan/2023:15:13:05 +0000] "PUT /api/v1/users/reset HTTP/1.1" 201 330 "-" "PostmanRuntime/7.30.0"

info: ::1 - - [24/Jan/2023:15:13:19 +0000] "PUT /api/v1/users/reset HTTP/1.1" 201 330 "-" "PostmanRuntime/7.30.0"

info: ::1 - - [24/Jan/2023:15:57:12 +0000] "GET /api/v1/book/allbook HTTP/1.1" 200 65 "-" "PostmanRuntime/7.30.0"

info: ::1 - - [24/Jan/2023:15:58:38 +0000] "GET /api/v1/book/allbook HTTP/1.1" 200 65 "-" "PostmanRuntime/7.30.0"

info: ::1 - - [24/Jan/2023:16:12:23 +0000] "GET /api/v1/book/allbook HTTP/1.1" 200 65 "-" "PostmanRuntime/7.30.0"

info: ::1 - - [24/Jan/2023:16:15:32 +0000] "GET /api/v1/book/allbook HTTP/1.1" 200 65 "-" "PostmanRuntime/7.30.0"

info: ::1 - - [24/Jan/2023:16:25:07 +0000] "GET /api/v1/book/allbook HTTP/1.1" 500 59 "-" "PostmanRuntime/7.30.0"

info: ::1 - - [24/Jan/2023:17:56:30 +0000] "GET /api/v1/book/allbook HTTP/1.1" 200 65 "-" "PostmanRuntime/7.30.0"

info: ::1 - - [24/Jan/2023:18:03:27 +0000] "GET /api/v1/book/allbook HTTP/1.1" 200 65 "-" "PostmanRuntime/7.30.0"

info: ::1 - - [24/Jan/2023:18:03:31 +0000] "GET /api/v1/book/allbook HTTP/1.1" 200 65 "-" "PostmanRuntime/7.30.0"

info: ::1 - - [24/Jan/2023:18:04:38 +0000] "GET /api/v1/book/allbook HTTP/1.1" 200 9282 "-" "PostmanRuntime/7.30.0"

info: ::1 - - [24/Jan/2023:18:05:17 +0000] "GET /api/v1/book/6215895605253301a4fda5d4 HTTP/1.1" 201 369 "-" "PostmanRuntime/7.30.0"

info: ::1 - - [24/Jan/2023:18:06:30 +0000] "GET /api/v1/book/6215895605253301a4fda5d4 HTTP/1.1" 201 363 "-" "PostmanRuntime/7.30.0"

